Arguments: 
  /usr/local/bin/node /usr/local/bin/yarn install

PATH: 
  /usr/local/bin:/usr/bin:/bin:/usr/sbin:/sbin

Yarn version: 
  1.22.19

Node version: 
  12.20.0

Platform: 
  darwin x64

Trace: 
  Error: http://npm.perseus.ruqimobility.com/@types%2fnode/-/node-18.11.2.tgz: Request failed "500 Internal Server Error"
      at ResponseError.ExtendableBuiltin (/usr/local/lib/node_modules/yarn/lib/cli.js:696:66)
      at new ResponseError (/usr/local/lib/node_modules/yarn/lib/cli.js:802:124)
      at Request.<anonymous> (/usr/local/lib/node_modules/yarn/lib/cli.js:66215:16)
      at Request.emit (events.js:314:20)
      at Request.module.exports.Request.onRequestResponse (/usr/local/lib/node_modules/yarn/lib/cli.js:141767:10)
      at ClientRequest.emit (events.js:314:20)
      at HTTPParser.parserOnIncomingClient (_http_client.js:601:27)
      at HTTPParser.parserOnHeadersComplete (_http_common.js:122:17)
      at Socket.socketOnData (_http_client.js:474:22)
      at Socket.emit (events.js:314:20)

npm manifest: 
  {
    "name": "check-conflict",
    "version": "0.1.0",
    "private": true,
    "homepage": ".",
    "dependencies": {
    },
    "scripts": {
      "prepare": "husky install && chmod ug+x .husky/*"
    },
    "lint-staged": {
      "!(check-conflict.js)": [
        "node script/check-conflict.js"
      ]
    },
    
    "devDependencies": {
      "@commitlint/cli": "^16.0.2",
      "@commitlint/config-conventional": "^16.0.0",
      "lint-staged": "^12.1.7",
      "husky": "^7.0.4"
    }
  }

yarn manifest: 
  No manifest

Lockfile: 
  # THIS IS AN AUTOGENERATED FILE. DO NOT EDIT THIS FILE DIRECTLY.
  # yarn lockfile v1
  
  
  aggregate-error@^3.0.0:
    version "3.1.0"
    resolved "http://npm.perseus.ruqimobility.com/aggregate-error/-/aggregate-error-3.1.0.tgz#92670ff50f5359bdb7a3e0d40d0ec30c5737687a"
    integrity sha1-kmcP9Q9TWb23o+DUDQ7DDFc3aHo=
    dependencies:
      clean-stack "^2.0.0"
      indent-string "^4.0.0"
  
  ansi-escapes@^4.3.0:
    version "4.3.2"
    resolved "http://npm.perseus.ruqimobility.com/ansi-escapes/-/ansi-escapes-4.3.2.tgz#6b2291d1db7d98b6521d5f1efa42d0f3a9feb65e"
    integrity sha1-ayKR0dt9mLZSHV8e+kLQ86n+tl4=
    dependencies:
      type-fest "^0.21.3"
  
  ansi-regex@^5.0.1:
    version "5.0.1"
    resolved "http://npm.perseus.ruqimobility.com/ansi-regex/-/ansi-regex-5.0.1.tgz#082cb2c89c9fe8659a311a53bd6a4dc5301db304"
    integrity sha1-CCyyyJyf6GWaMRpTvWpNxTAdswQ=
  
  ansi-regex@^6.0.1:
    version "6.0.1"
    resolved "http://npm.perseus.ruqimobility.com/ansi-regex/-/ansi-regex-6.0.1.tgz#3183e38fae9a65d7cb5e53945cd5897d0260a06a"
    integrity sha1-MYPjj66aZdfLXlOUXNWJfQJgoGo=
  
  ansi-styles@^4.0.0:
    version "4.3.0"
    resolved "http://npm.perseus.ruqimobility.com/ansi-styles/-/ansi-styles-4.3.0.tgz#edd803628ae71c04c85ae7a0906edad34b648937"
    integrity sha1-7dgDYornHATIWuegkG7a00tkiTc=
    dependencies:
      color-convert "^2.0.1"
  
  ansi-styles@^6.0.0:
    version "6.2.1"
    resolved "http://npm.perseus.ruqimobility.com/ansi-styles/-/ansi-styles-6.2.1.tgz#0e62320cf99c21afff3b3012192546aacbfb05c5"
    integrity sha512-bN798gFfQX+viw3R7yrGWRqnrN2oRkEkUjjl4JNn4E8GxxbjtG3FbrEIIY3l8/hrwUwIeCZvi4QuOTP4MErVug==
  
  astral-regex@^2.0.0:
    version "2.0.0"
    resolved "http://npm.perseus.ruqimobility.com/astral-regex/-/astral-regex-2.0.0.tgz#483143c567aeed4785759c0865786dc77d7d2e31"
    integrity sha1-SDFDxWeu7UeFdZwIZXhtx319LjE=
  
  braces@^3.0.2:
    version "3.0.2"
    resolved "http://npm.perseus.ruqimobility.com/braces/-/braces-3.0.2.tgz#3454e1a462ee8d599e236df336cd9ea4f8afe107"
    integrity sha1-NFThpGLujVmeI23zNs2epPiv4Qc=
    dependencies:
      fill-range "^7.0.1"
  
  clean-stack@^2.0.0:
    version "2.2.0"
    resolved "http://npm.perseus.ruqimobility.com/clean-stack/-/clean-stack-2.2.0.tgz#ee8472dbb129e727b31e8a10a427dee9dfe4008b"
    integrity sha1-7oRy27Ep5yezHooQpCfe6d/kAIs=
  
  cli-cursor@^3.1.0:
    version "3.1.0"
    resolved "http://npm.perseus.ruqimobility.com/cli-cursor/-/cli-cursor-3.1.0.tgz#264305a7ae490d1d03bf0c9ba7c925d1753af307"
    integrity sha1-JkMFp65JDR0Dvwybp8kl0XU68wc=
    dependencies:
      restore-cursor "^3.1.0"
  
  cli-truncate@^2.1.0:
    version "2.1.0"
    resolved "http://npm.perseus.ruqimobility.com/cli-truncate/-/cli-truncate-2.1.0.tgz#c39e28bf05edcde5be3b98992a22deed5a2b93c7"
    integrity sha1-w54ovwXtzeW+O5iZKiLe7Vork8c=
    dependencies:
      slice-ansi "^3.0.0"
      string-width "^4.2.0"
  
  cli-truncate@^3.1.0:
    version "3.1.0"
    resolved "http://npm.perseus.ruqimobility.com/cli-truncate/-/cli-truncate-3.1.0.tgz#3f23ab12535e3d73e839bb43e73c9de487db1389"
    integrity sha1-PyOrElNePXPoObtD5zyd5IfbE4k=
    dependencies:
      slice-ansi "^5.0.0"
      string-width "^5.0.0"
  
  color-convert@^2.0.1:
    version "2.0.1"
    resolved "http://npm.perseus.ruqimobility.com/color-convert/-/color-convert-2.0.1.tgz#72d3a68d598c9bdb3af2ad1e84f21d896abd4de3"
    integrity sha1-ctOmjVmMm9s68q0ehPIdiWq9TeM=
    dependencies:
      color-name "~1.1.4"
  
  color-name@~1.1.4:
    version "1.1.4"
    resolved "http://npm.perseus.ruqimobility.com/color-name/-/color-name-1.1.4.tgz#c2a09a87acbde69543de6f63fa3995c826c536a2"
    integrity sha1-wqCah6y95pVD3m9j+jmVyCbFNqI=
  
  colorette@^2.0.16:
    version "2.0.19"
    resolved "http://npm.perseus.ruqimobility.com/colorette/-/colorette-2.0.19.tgz#cdf044f47ad41a0f4b56b3a0d5b4e6e1a2d5a798"
    integrity sha512-3tlv/dIP7FWvj3BsbHrGLJ6l/oKh1O3TcgBqMn+yyCagOxc23fyzDS6HypQbgxWbkpDnf52p1LuR4eWDQ/K9WQ==
  
  commander@^9.3.0:
    version "9.4.1"
    resolved "http://npm.perseus.ruqimobility.com/commander/-/commander-9.4.1.tgz#d1dd8f2ce6faf93147295c0df13c7c21141cfbdd"
    integrity sha512-5EEkTNyHNGFPD2H+c/dXXfQZYa/scCKasxWcXJaWnNJ99pnQN9Vnmqow+p+PlFPE63Q6mThaZws1T+HxfpgtPw==
  
  cross-spawn@^7.0.3:
    version "7.0.3"
    resolved "http://npm.perseus.ruqimobility.com/cross-spawn/-/cross-spawn-7.0.3.tgz#f73a85b9d5d41d045551c177e2882d4ac85728a6"
    integrity sha1-9zqFudXUHQRVUcF34ogtSshXKKY=
    dependencies:
      path-key "^3.1.0"
      shebang-command "^2.0.0"
      which "^2.0.1"
  
  debug@^4.3.4:
    version "4.3.4"
    resolved "http://npm.perseus.ruqimobility.com/debug/-/debug-4.3.4.tgz#1319f6579357f2338d3337d2cdd4914bb5dcc865"
    integrity sha512-PRWFHuSU3eDtQJPvnNY7Jcket1j0t5OuOsFzPPzsekD52Zl8qUfFIPEiswXqIvHWGVHOgX+7G/vCNNhehwxfkQ==
    dependencies:
      ms "2.1.2"
  
  eastasianwidth@^0.2.0:
    version "0.2.0"
    resolved "http://npm.perseus.ruqimobility.com/eastasianwidth/-/eastasianwidth-0.2.0.tgz#696ce2ec0aa0e6ea93a397ffcf24aa7840c827cb"
    integrity sha1-aWzi7Aqg5uqTo5f/zySqeEDIJ8s=
  
  emoji-regex@^8.0.0:
    version "8.0.0"
    resolved "http://npm.perseus.ruqimobility.com/emoji-regex/-/emoji-regex-8.0.0.tgz#e818fd69ce5ccfcb404594f842963bf53164cc37"
    integrity sha1-6Bj9ac5cz8tARZT4QpY79TFkzDc=
  
  emoji-regex@^9.2.2:
    version "9.2.2"
    resolved "http://npm.perseus.ruqimobility.com/emoji-regex/-/emoji-regex-9.2.2.tgz#840c8803b0d8047f4ff0cf963176b32d4ef3ed72"
    integrity sha1-hAyIA7DYBH9P8M+WMXazLU7z7XI=
  
  execa@^5.1.1:
    version "5.1.1"
    resolved "http://npm.perseus.ruqimobility.com/execa/-/execa-5.1.1.tgz#f80ad9cbf4298f7bd1d4c9555c21e93741c411dd"
    integrity sha1-+ArZy/Qpj3vR1MlVXCHpN0HEEd0=
    dependencies:
      cross-spawn "^7.0.3"
      get-stream "^6.0.0"
      human-signals "^2.1.0"
      is-stream "^2.0.0"
      merge-stream "^2.0.0"
      npm-run-path "^4.0.1"
      onetime "^5.1.2"
      signal-exit "^3.0.3"
      strip-final-newline "^2.0.0"
  
  fill-range@^7.0.1:
    version "7.0.1"
    resolved "http://npm.perseus.ruqimobility.com/fill-range/-/fill-range-7.0.1.tgz#1919a6a7c75fe38b2c7c77e5198535da9acdda40"
    integrity sha1-GRmmp8df44ssfHflGYU12prN2kA=
    dependencies:
      to-regex-range "^5.0.1"
  
  get-stream@^6.0.0:
    version "6.0.1"
    resolved "http://npm.perseus.ruqimobility.com/get-stream/-/get-stream-6.0.1.tgz#a262d8eef67aced57c2852ad6167526a43cbf7b7"
    integrity sha1-omLY7vZ6ztV8KFKtYWdSakPL97c=
  
  human-signals@^2.1.0:
    version "2.1.0"
    resolved "http://npm.perseus.ruqimobility.com/human-signals/-/human-signals-2.1.0.tgz#dc91fcba42e4d06e4abaed33b3e7a3c02f514ea0"
    integrity sha1-3JH8ukLk0G5Kuu0zs+ejwC9RTqA=
  
  husky@^7.0.4:
    version "7.0.4"
    resolved "http://npm.perseus.ruqimobility.com/husky/-/husky-7.0.4.tgz#242048245dc49c8fb1bf0cc7cfb98dd722531535"
    integrity sha1-JCBIJF3EnI+xvwzHz7mN1yJTFTU=
  
  indent-string@^4.0.0:
    version "4.0.0"
    resolved "http://npm.perseus.ruqimobility.com/indent-string/-/indent-string-4.0.0.tgz#624f8f4497d619b2d9768531d58f4122854d7251"
    integrity sha1-Yk+PRJfWGbLZdoUx1Y9BIoVNclE=
  
  is-fullwidth-code-point@^3.0.0:
    version "3.0.0"
    resolved "http://npm.perseus.ruqimobility.com/is-fullwidth-code-point/-/is-fullwidth-code-point-3.0.0.tgz#f116f8064fe90b3f7844a38997c0b75051269f1d"
    integrity sha1-8Rb4Bk/pCz94RKOJl8C3UFEmnx0=
  
  is-fullwidth-code-point@^4.0.0:
    version "4.0.0"
    resolved "http://npm.perseus.ruqimobility.com/is-fullwidth-code-point/-/is-fullwidth-code-point-4.0.0.tgz#fae3167c729e7463f8461ce512b080a49268aa88"
    integrity sha1-+uMWfHKedGP4RhzlErCApJJoqog=
  
  is-number@^7.0.0:
    version "7.0.0"
    resolved "http://npm.perseus.ruqimobility.com/is-number/-/is-number-7.0.0.tgz#7535345b896734d5f80c4d06c50955527a14f12b"
    integrity sha1-dTU0W4lnNNX4DE0GxQlVUnoU8Ss=
  
  is-stream@^2.0.0:
    version "2.0.1"
    resolved "http://npm.perseus.ruqimobility.com/is-stream/-/is-stream-2.0.1.tgz#fac1e3d53b97ad5a9d0ae9cef2389f5810a5c077"
    integrity sha1-+sHj1TuXrVqdCunO8jifWBClwHc=
  
  isexe@^2.0.0:
    version "2.0.0"
    resolved "http://npm.perseus.ruqimobility.com/isexe/-/isexe-2.0.0.tgz#e8fbf374dc556ff8947a10dcb0572d633f2cfa10"
    integrity sha1-6PvzdNxVb/iUehDcsFctYz8s+hA=
  
  lilconfig@2.0.5:
    version "2.0.5"
    resolved "http://npm.perseus.ruqimobility.com/lilconfig/-/lilconfig-2.0.5.tgz#19e57fd06ccc3848fd1891655b5a447092225b25"
    integrity sha512-xaYmXZtTHPAw5m+xLN8ab9C+3a8YmV3asNSPOATITbtwrfbwaLJj8h66H1WMIpALCkqsIzK3h7oQ+PdX+LQ9Eg==
  
  lint-staged@^12.1.7:
    version "12.5.0"
    resolved "http://npm.perseus.ruqimobility.com/lint-staged/-/lint-staged-12.5.0.tgz#d6925747480ae0e380d13988522f9dd8ef9126e3"
    integrity sha512-BKLUjWDsKquV/JuIcoQW4MSAI3ggwEImF1+sB4zaKvyVx1wBk3FsG7UK9bpnmBTN1pm7EH2BBcMwINJzCRv12g==
    dependencies:
      cli-truncate "^3.1.0"
      colorette "^2.0.16"
      commander "^9.3.0"
      debug "^4.3.4"
      execa "^5.1.1"
      lilconfig "2.0.5"
      listr2 "^4.0.5"
      micromatch "^4.0.5"
      normalize-path "^3.0.0"
      object-inspect "^1.12.2"
      pidtree "^0.5.0"
      string-argv "^0.3.1"
      supports-color "^9.2.2"
      yaml "^1.10.2"
  
  listr2@^4.0.5:
    version "4.0.5"
    resolved "http://npm.perseus.ruqimobility.com/listr2/-/listr2-4.0.5.tgz#9dcc50221583e8b4c71c43f9c7dfd0ef546b75d5"
    integrity sha512-juGHV1doQdpNT3GSTs9IUN43QJb7KHdF9uqg7Vufs/tG9VTzpFphqF4pm/ICdAABGQxsyNn9CiYA3StkI6jpwA==
    dependencies:
      cli-truncate "^2.1.0"
      colorette "^2.0.16"
      log-update "^4.0.0"
      p-map "^4.0.0"
      rfdc "^1.3.0"
      rxjs "^7.5.5"
      through "^2.3.8"
      wrap-ansi "^7.0.0"
  
  log-update@^4.0.0:
    version "4.0.0"
    resolved "http://npm.perseus.ruqimobility.com/log-update/-/log-update-4.0.0.tgz#589ecd352471f2a1c0c570287543a64dfd20e0a1"
    integrity sha1-WJ7NNSRx8qHAxXAodUOmTf0g4KE=
    dependencies:
      ansi-escapes "^4.3.0"
      cli-cursor "^3.1.0"
      slice-ansi "^4.0.0"
      wrap-ansi "^6.2.0"
  
  merge-stream@^2.0.0:
    version "2.0.0"
    resolved "http://npm.perseus.ruqimobility.com/merge-stream/-/merge-stream-2.0.0.tgz#52823629a14dd00c9770fb6ad47dc6310f2c1f60"
    integrity sha1-UoI2KaFN0AyXcPtq1H3GMQ8sH2A=
  
  micromatch@^4.0.5:
    version "4.0.5"
    resolved "http://npm.perseus.ruqimobility.com/micromatch/-/micromatch-4.0.5.tgz#bc8999a7cbbf77cdc89f132f6e467051b49090c6"
    integrity sha512-DMy+ERcEW2q8Z2Po+WNXuw3c5YaUSFjAO5GsJqfEl7UjvtIuFKO6ZrKvcItdy98dwFI2N1tg3zNIdKaQT+aNdA==
    dependencies:
      braces "^3.0.2"
      picomatch "^2.3.1"
  
  mimic-fn@^2.1.0:
    version "2.1.0"
    resolved "http://npm.perseus.ruqimobility.com/mimic-fn/-/mimic-fn-2.1.0.tgz#7ed2c2ccccaf84d3ffcb7a69b57711fc2083401b"
    integrity sha1-ftLCzMyvhNP/y3pptXcR/CCDQBs=
  
  ms@2.1.2:
    version "2.1.2"
    resolved "http://npm.perseus.ruqimobility.com/ms/-/ms-2.1.2.tgz#d09d1f357b443f493382a8eb3ccd183872ae6009"
    integrity sha1-0J0fNXtEP0kzgqjrPM0YOHKuYAk=
  
  normalize-path@^3.0.0:
    version "3.0.0"
    resolved "http://npm.perseus.ruqimobility.com/normalize-path/-/normalize-path-3.0.0.tgz#0dcd69ff23a1c9b11fd0978316644a0388216a65"
    integrity sha1-Dc1p/yOhybEf0JeDFmRKA4ghamU=
  
  npm-run-path@^4.0.1:
    version "4.0.1"
    resolved "http://npm.perseus.ruqimobility.com/npm-run-path/-/npm-run-path-4.0.1.tgz#b7ecd1e5ed53da8e37a55e1c2269e0b97ed748ea"
    integrity sha1-t+zR5e1T2o43pV4cImnguX7XSOo=
    dependencies:
      path-key "^3.0.0"
  
  object-inspect@^1.12.2:
    version "1.12.2"
    resolved "http://npm.perseus.ruqimobility.com/object-inspect/-/object-inspect-1.12.2.tgz#c0641f26394532f28ab8d796ab954e43c009a8ea"
    integrity sha512-z+cPxW0QGUp0mcqcsgQyLVRDoXFQbXOwBaqyF7VIgI4TWNQsDHrBpUQslRmIfAoYWdYzs6UlKJtB2XJpTaNSpQ==
  
  onetime@^5.1.0, onetime@^5.1.2:
    version "5.1.2"
    resolved "http://npm.perseus.ruqimobility.com/onetime/-/onetime-5.1.2.tgz#d0e96ebb56b07476df1dd9c4806e5237985ca45e"
    integrity sha1-0Oluu1awdHbfHdnEgG5SN5hcpF4=
    dependencies:
      mimic-fn "^2.1.0"
  
  p-map@^4.0.0:
    version "4.0.0"
    resolved "http://npm.perseus.ruqimobility.com/p-map/-/p-map-4.0.0.tgz#bb2f95a5eda2ec168ec9274e06a747c3e2904d2b"
    integrity sha1-uy+Vpe2i7BaOySdOBqdHw+KQTSs=
    dependencies:
      aggregate-error "^3.0.0"
  
  path-key@^3.0.0, path-key@^3.1.0:
    version "3.1.1"
    resolved "http://npm.perseus.ruqimobility.com/path-key/-/path-key-3.1.1.tgz#581f6ade658cbba65a0d3380de7753295054f375"
    integrity sha1-WB9q3mWMu6ZaDTOA3ndTKVBU83U=
  
  picomatch@^2.3.1:
    version "2.3.1"
    resolved "http://npm.perseus.ruqimobility.com/picomatch/-/picomatch-2.3.1.tgz#3ba3833733646d9d3e4995946c1365a67fb07a42"
    integrity sha512-JU3teHTNjmE2VCGFzuY8EXzCDVwEqB2a8fsIvwaStHhAWJEeVd1o1QD80CU6+ZdEXXSLbSsuLwJjkCBWqRQUVA==
  
  pidtree@^0.5.0:
    version "0.5.0"
    resolved "http://npm.perseus.ruqimobility.com/pidtree/-/pidtree-0.5.0.tgz#ad5fbc1de78b8a5f99d6fbdd4f6e4eee21d1aca1"
    integrity sha512-9nxspIM7OpZuhBxPg73Zvyq7j1QMPMPsGKTqRc2XOaFQauDvoNz9fM1Wdkjmeo7l9GXOZiRs97sPkuayl39wjA==
  
  restore-cursor@^3.1.0:
    version "3.1.0"
    resolved "http://npm.perseus.ruqimobility.com/restore-cursor/-/restore-cursor-3.1.0.tgz#39f67c54b3a7a58cea5236d95cf0034239631f7e"
    integrity sha1-OfZ8VLOnpYzqUjbZXPADQjljH34=
    dependencies:
      onetime "^5.1.0"
      signal-exit "^3.0.2"
  
  rfdc@^1.3.0:
    version "1.3.0"
    resolved "http://npm.perseus.ruqimobility.com/rfdc/-/rfdc-1.3.0.tgz#d0b7c441ab2720d05dc4cf26e01c89631d9da08b"
    integrity sha1-0LfEQasnINBdxM8m4ByJYx2doIs=
  
  rxjs@^7.5.5:
    version "7.5.7"
    resolved "http://npm.perseus.ruqimobility.com/rxjs/-/rxjs-7.5.7.tgz#2ec0d57fdc89ece220d2e702730ae8f1e49def39"
    integrity sha512-z9MzKh/UcOqB3i20H6rtrlaE/CgjLOvheWK/9ILrbhROGTweAi1BaFsTT9FbwZi5Trr1qNRs+MXkhmR06awzQA==
    dependencies:
      tslib "^2.1.0"
  
  shebang-command@^2.0.0:
    version "2.0.0"
    resolved "http://npm.perseus.ruqimobility.com/shebang-command/-/shebang-command-2.0.0.tgz#ccd0af4f8835fbdc265b82461aaf0c36663f34ea"
    integrity sha1-zNCvT4g1+9wmW4JGGq8MNmY/NOo=
    dependencies:
      shebang-regex "^3.0.0"
  
  shebang-regex@^3.0.0:
    version "3.0.0"
    resolved "http://npm.perseus.ruqimobility.com/shebang-regex/-/shebang-regex-3.0.0.tgz#ae16f1644d873ecad843b0307b143362d4c42172"
    integrity sha1-rhbxZE2HPsrYQ7AwexQzYtTEIXI=
  
  signal-exit@^3.0.2, signal-exit@^3.0.3:
    version "3.0.7"
    resolved "http://npm.perseus.ruqimobility.com/signal-exit/-/signal-exit-3.0.7.tgz#a9a1767f8af84155114eaabd73f99273c8f59ad9"
    integrity sha512-wnD2ZE+l+SPC/uoS0vXeE9L1+0wuaMqKlfz9AMUo38JsyLSBWSFcHR1Rri62LZc12vLr1gb3jl7iwQhgwpAbGQ==
  
  slice-ansi@^3.0.0:
    version "3.0.0"
    resolved "http://npm.perseus.ruqimobility.com/slice-ansi/-/slice-ansi-3.0.0.tgz#31ddc10930a1b7e0b67b08c96c2f49b77a789787"
    integrity sha1-Md3BCTCht+C2ewjJbC9Jt3p4l4c=
    dependencies:
      ansi-styles "^4.0.0"
      astral-regex "^2.0.0"
      is-fullwidth-code-point "^3.0.0"
  
  slice-ansi@^4.0.0:
    version "4.0.0"
    resolved "http://npm.perseus.ruqimobility.com/slice-ansi/-/slice-ansi-4.0.0.tgz#500e8dd0fd55b05815086255b3195adf2a45fe6b"
    integrity sha1-UA6N0P1VsFgVCGJVsxla3ypF/ms=
    dependencies:
      ansi-styles "^4.0.0"
      astral-regex "^2.0.0"
      is-fullwidth-code-point "^3.0.0"
  
  slice-ansi@^5.0.0:
    version "5.0.0"
    resolved "http://npm.perseus.ruqimobility.com/slice-ansi/-/slice-ansi-5.0.0.tgz#b73063c57aa96f9cd881654b15294d95d285c42a"
    integrity sha1-tzBjxXqpb5zYgWVLFSlNldKFxCo=
    dependencies:
      ansi-styles "^6.0.0"
      is-fullwidth-code-point "^4.0.0"
  
  string-argv@^0.3.1:
    version "0.3.1"
    resolved "http://npm.perseus.ruqimobility.com/string-argv/-/string-argv-0.3.1.tgz#95e2fbec0427ae19184935f816d74aaa4c5c19da"
    integrity sha1-leL77AQnrhkYSTX4FtdKqkxcGdo=
  
  string-width@^4.1.0, string-width@^4.2.0:
    version "4.2.3"
    resolved "http://npm.perseus.ruqimobility.com/string-width/-/string-width-4.2.3.tgz#269c7117d27b05ad2e536830a8ec895ef9c6d010"
    integrity sha1-JpxxF9J7Ba0uU2gwqOyJXvnG0BA=
    dependencies:
      emoji-regex "^8.0.0"
      is-fullwidth-code-point "^3.0.0"
      strip-ansi "^6.0.1"
  
  string-width@^5.0.0:
    version "5.1.2"
    resolved "http://npm.perseus.ruqimobility.com/string-width/-/string-width-5.1.2.tgz#14f8daec6d81e7221d2a357e668cab73bdbca794"
    integrity sha512-HnLOCR3vjcY8beoNLtcjZ5/nxn2afmME6lhrDrebokqMap+XbeW8n9TXpPDOqdGK5qcI3oT0GKTW6wC7EMiVqA==
    dependencies:
      eastasianwidth "^0.2.0"
      emoji-regex "^9.2.2"
      strip-ansi "^7.0.1"
  
  strip-ansi@^6.0.0, strip-ansi@^6.0.1:
    version "6.0.1"
    resolved "http://npm.perseus.ruqimobility.com/strip-ansi/-/strip-ansi-6.0.1.tgz#9e26c63d30f53443e9489495b2105d37b67a85d9"
    integrity sha1-nibGPTD1NEPpSJSVshBdN7Z6hdk=
    dependencies:
      ansi-regex "^5.0.1"
  
  strip-ansi@^7.0.1:
    version "7.0.1"
    resolved "http://npm.perseus.ruqimobility.com/strip-ansi/-/strip-ansi-7.0.1.tgz#61740a08ce36b61e50e65653f07060d000975fb2"
    integrity sha1-YXQKCM42th5Q5lZT8HBg0ACXX7I=
    dependencies:
      ansi-regex "^6.0.1"
  
  strip-final-newline@^2.0.0:
    version "2.0.0"
    resolved "http://npm.perseus.ruqimobility.com/strip-final-newline/-/strip-final-newline-2.0.0.tgz#89b852fb2fcbe936f6f4b3187afb0a12c1ab58ad"
    integrity sha1-ibhS+y/L6Tb29LMYevsKEsGrWK0=
  
  supports-color@^9.2.2:
    version "9.2.3"
    resolved "http://npm.perseus.ruqimobility.com/supports-color/-/supports-color-9.2.3.tgz#a6e2c97fc20c80abecd69e50aebe4783ff77d45a"
    integrity sha512-aszYUX/DVK/ed5rFLb/dDinVJrQjG/vmU433wtqVSD800rYsJNWxh2R3USV90aLSU+UsyQkbNeffVLzc6B6foA==
  
  through@^2.3.8:
    version "2.3.8"
    resolved "http://npm.perseus.ruqimobility.com/through/-/through-2.3.8.tgz#0dd4c9ffaabc357960b1b724115d7e0e86a2e1f5"
    integrity sha1-DdTJ/6q8NXlgsbckEV1+Doai4fU=
  
  to-regex-range@^5.0.1:
    version "5.0.1"
    resolved "http://npm.perseus.ruqimobility.com/to-regex-range/-/to-regex-range-5.0.1.tgz#1648c44aae7c8d988a326018ed72f5b4dd0392e4"
    integrity sha1-FkjESq58jZiKMmAY7XL1tN0DkuQ=
    dependencies:
      is-number "^7.0.0"
  
  tslib@^2.1.0:
    version "2.4.0"
    resolved "http://npm.perseus.ruqimobility.com/tslib/-/tslib-2.4.0.tgz#7cecaa7f073ce680a05847aa77be941098f36dc3"
    integrity sha512-d6xOpEDfsi2CZVlPQzGeux8XMwLT9hssAsaPYExaQMuYskwb+x1x7J371tWlbBdWHroy99KnVB6qIkUbs5X3UQ==
  
  type-fest@^0.21.3:
    version "0.21.3"
    resolved "http://npm.perseus.ruqimobility.com/type-fest/-/type-fest-0.21.3.tgz#d260a24b0198436e133fa26a524a6d65fa3b2e37"
    integrity sha1-0mCiSwGYQ24TP6JqUkptZfo7Ljc=
  
  which@^2.0.1:
    version "2.0.2"
    resolved "http://npm.perseus.ruqimobility.com/which/-/which-2.0.2.tgz#7c6a8dd0a636a0327e10b59c9286eee93f3f51b1"
    integrity sha1-fGqN0KY2oDJ+ELWckobu6T8/UbE=
    dependencies:
      isexe "^2.0.0"
  
  wrap-ansi@^6.2.0:
    version "6.2.0"
    resolved "http://npm.perseus.ruqimobility.com/wrap-ansi/-/wrap-ansi-6.2.0.tgz#e9393ba07102e6c91a3b221478f0257cd2856e53"
    integrity sha1-6Tk7oHEC5skaOyIUePAlfNKFblM=
    dependencies:
      ansi-styles "^4.0.0"
      string-width "^4.1.0"
      strip-ansi "^6.0.0"
  
  wrap-ansi@^7.0.0:
    version "7.0.0"
    resolved "http://npm.perseus.ruqimobility.com/wrap-ansi/-/wrap-ansi-7.0.0.tgz#67e145cff510a6a6984bdf1152911d69d2eb9e43"
    integrity sha1-Z+FFz/UQpqaYS98RUpEdadLrnkM=
    dependencies:
      ansi-styles "^4.0.0"
      string-width "^4.1.0"
      strip-ansi "^6.0.0"
  
  yaml@^1.10.2:
    version "1.10.2"
    resolved "http://npm.perseus.ruqimobility.com/yaml/-/yaml-1.10.2.tgz#2301c5ffbf12b467de8da2333a459e29e7920e4b"
    integrity sha1-IwHF/78StGfejaIzOkWeKeeSDks=
